0 info it worked if it ends with ok
1 verbose cli [ 'C:\\Program Files\\nodejs\\node.exe',
1 verbose cli   'C:\\Program Files\\nodejs\\node_modules\\npm\\bin\\npm-cli.js',
1 verbose cli   'start' ]
2 info using npm@3.10.9
3 info using node@v7.2.0
4 verbose run-script [ 'prestart', 'start', 'poststart' ]
5 info lifecycle shower@2.1.1~prestart: shower@2.1.1
6 silly lifecycle shower@2.1.1~prestart: no script for prestart, continuing
7 info lifecycle shower@2.1.1~start: shower@2.1.1
8 verbose lifecycle shower@2.1.1~start: unsafe-perm in lifecycle true
9 verbose lifecycle shower@2.1.1~start: PATH: C:\Program Files\nodejs\node_modules\npm\bin\node-gyp-bin;C:\Users\Alex\WebstormProjects\netology\nd-presentation\node_modules\.bin;C:\Program Files\Git\mingw64\bin;C:\Program Files\Git\usr\bin;C:\Users\Alex\bin;C:\ProgramData\Oracle\Java\javapath;C:\Program Files\Docker\Docker\Resources\bin;C:\WINDOWS\system32;C:\WINDOWS;C:\WINDOWS\System32\Wbem;C:\WINDOWS\System32\WindowsPowerShell\v1.0;C:\Program Files\Git\cmd;C:\Program Files\nodejs;C:\Program Files (x86)\Bitvise SSH Client;C:\Program Files (x86)\NVIDIA Corporation\PhysX\Common;C:\Program Files\TortoiseGit\bin;C:\Program Files\Common Files\Autodesk Shared;C:\Program Files (x86)\Skype\Phone;C:\Program Files (x86)\Gource\cmd;C:\Users\Alex\AppData\Roaming\npm;C:\Users\Alex\AppData\Local\Microsoft\WindowsApps;C:\Program Files\php;C:\Program Files\MongoDB\Server\3.2\bin
10 verbose lifecycle shower@2.1.1~start: CWD: C:\Users\Alex\WebstormProjects\netology\nd-presentation
11 silly lifecycle shower@2.1.1~start: Args: [ '/d /s /c',
11 silly lifecycle   'browser-sync start --server --files \'*.html\' \'css/*.css\' \'js/*.js\'' ]
12 silly lifecycle shower@2.1.1~start: Returned: code: 3221225786  signal: null
13 info lifecycle shower@2.1.1~start: Failed to exec start script
14 verbose stack Error: shower@2.1.1 start: `browser-sync start --server --files '*.html' 'css/*.css' 'js/*.js'`
14 verbose stack Exit status 3221225786
14 verbose stack     at EventEmitter.<anonymous> (C:\Program Files\nodejs\node_modules\npm\lib\utils\lifecycle.js:255:16)
14 verbose stack     at emitTwo (events.js:106:13)
14 verbose stack     at EventEmitter.emit (events.js:191:7)
14 verbose stack     at ChildProcess.<anonymous> (C:\Program Files\nodejs\node_modules\npm\lib\utils\spawn.js:40:14)
14 verbose stack     at emitTwo (events.js:106:13)
14 verbose stack     at ChildProcess.emit (events.js:191:7)
14 verbose stack     at maybeClose (internal/child_process.js:885:16)
14 verbose stack     at Process.ChildProcess._handle.onexit (internal/child_process.js:226:5)
15 verbose pkgid shower@2.1.1
16 verbose cwd C:\Users\Alex\WebstormProjects\netology\nd-presentation
17 error Windows_NT 10.0.14393
18 error argv "C:\\Program Files\\nodejs\\node.exe" "C:\\Program Files\\nodejs\\node_modules\\npm\\bin\\npm-cli.js" "start"
19 error node v7.2.0
20 error npm  v3.10.9
21 error code ELIFECYCLE
22 error shower@2.1.1 start: `browser-sync start --server --files '*.html' 'css/*.css' 'js/*.js'`
22 error Exit status 3221225786
23 error Failed at the shower@2.1.1 start script 'browser-sync start --server --files '*.html' 'css/*.css' 'js/*.js''.
23 error Make sure you have the latest version of node.js and npm installed.
23 error If you do, this is most likely a problem with the shower package,
23 error not with npm itself.
23 error Tell the author that this fails on your system:
23 error     browser-sync start --server --files '*.html' 'css/*.css' 'js/*.js'
23 error You can get information on how to open an issue for this project with:
23 error     npm bugs shower
23 error Or if that isn't available, you can get their info via:
23 error     npm owner ls shower
23 error There is likely additional logging output above.
24 verbose exit [ 1, true ]
